[2016-07-09 10:35:54] Dashboard.INFO: Dashboard launched.. [] []
[2016-07-09 10:36:03] Dashboard.INFO: Dashboard launched.. [] []
[2016-07-09 10:36:55] Dashboard.INFO: Dashboard launched.. [] []
[2016-07-09 10:37:14] Dashboard.INFO: Dashboard launched.. [] []
[2016-07-09 10:40:36] Dashboard.INFO: Dashboard launched.. [] []
[2016-07-09 10:48:54] Dashboard.INFO: Dashboard launched.. [] []
[2016-07-09 11:16:37] Dashboard.INFO: Dashboard launched.. [] []
[2016-07-09 11:17:05] Dashboard.INFO: Dashboard launched.. [] []
[2016-07-09 11:17:24] Dashboard.INFO: Dashboard launched.. [] []
[2016-07-09 11:17:26] Dashboard.INFO: Dashboard launched.. [] []
[2016-07-09 11:17:29] Dashboard.INFO: Dashboard launched.. [] []
[2016-07-09 11:17:59] Dashboard.INFO: Dashboard launched.. [] []
[2016-07-09 11:19:10] Dashboard.INFO: Dashboard launched.. [] []
[2016-07-09 11:19:32] Dashboard.INFO: Dashboard launched.. [] []
[2016-07-09 11:20:06] Dashboard.INFO: Dashboard launched.. [] []
[2016-07-09 11:20:17] Dashboard.INFO: Dashboard launched.. [] []
[2016-07-09 11:50:06] Dashboard.INFO: Dashboard launched.. [] []
[2016-07-09 11:50:55] Dashboard.INFO: Dashboard launched.. [] []
[2016-07-09 11:55:12] Dashboard.INFO: Dashboard launched.. [] []
[2016-07-09 11:57:27] Dashboard.INFO: Dashboard launched.. [] []
[2016-07-09 11:57:27] Dashboard.INFO: Bot server: Sending message.. [] []
[2016-07-09 11:57:27] Dashboard.INFO: EAAOZCEaUNtxIBAL1bafIm0IYzlo8YcLxjxklu7hjyi8QC4yzwFXFfK0p8qDluJxmGP3lE1roZAOwvCBr7F8dqx0Of7kpTgGRZBncZC1gxtHxlT79Lpbgg4LIfAZA7ZAVVgsskxPd3RbJjsSRcX5rJYRnd8sQbjW4LMBMbgICIf5QZDZD [] []
[2016-07-09 11:57:51] Dashboard.INFO: Dashboard launched.. [] []
[2016-07-09 11:57:51] Dashboard.INFO: Bot server: Sending message.. [] []
[2016-07-09 11:57:51] Dashboard.INFO: EAAOZCEaUNtxIBAL1bafIm0IYzlo8YcLxjxklu7hjyi8QC4yzwFXFfK0p8qDluJxmGP3lE1roZAOwvCBr7F8dqx0Of7kpTgGRZBncZC1gxtHxlT79Lpbgg4LIfAZA7ZAVVgsskxPd3RbJjsSRcX5rJYRnd8sQbjW4LMBMbgICIf5QZDZD [] []
[2016-07-09 11:57:51] Dashboard.INFO: botserver->sendMessage(): Successfully sent message - {"recipient_id":"10153861892102886","message_id":"mid.1468054671614:8e037971abc7dce974"} [] []
[2016-07-09 11:58:33] Dashboard.INFO: Dashboard launched.. [] []
[2016-07-09 11:58:33] Dashboard.INFO: Bot server: Sending message.. [] []
[2016-07-09 11:58:33] Dashboard.INFO: EAAOZCEaUNtxIBAL1bafIm0IYzlo8YcLxjxklu7hjyi8QC4yzwFXFfK0p8qDluJxmGP3lE1roZAOwvCBr7F8dqx0Of7kpTgGRZBncZC1gxtHxlT79Lpbgg4LIfAZA7ZAVVgsskxPd3RbJjsSRcX5rJYRnd8sQbjW4LMBMbgICIf5QZDZD [] []
[2016-07-09 11:58:33] Dashboard.INFO: botserver->sendMessage(): Successfully sent message - {"recipient_id":"10153861892102886","message_id":"mid.1468054713673:977b5209a1b8c5c078"} [] []
[2016-07-09 12:00:21] Dashboard.INFO: Dashboard launched.. [] []
[2016-07-09 12:00:21] Dashboard.INFO: Bot server: Sending message.. [] []
[2016-07-09 12:00:21] Dashboard.INFO: EAAOZCEaUNtxIBAL1bafIm0IYzlo8YcLxjxklu7hjyi8QC4yzwFXFfK0p8qDluJxmGP3lE1roZAOwvCBr7F8dqx0Of7kpTgGRZBncZC1gxtHxlT79Lpbgg4LIfAZA7ZAVVgsskxPd3RbJjsSRcX5rJYRnd8sQbjW4LMBMbgICIf5QZDZD [] []
[2016-07-09 12:00:22] Dashboard.INFO: botserver->sendMessage(): Successfully sent message - {"recipient_id":"10153861892102886","message_id":"mid.1468054822290:8ed35ca19b03df3608"} [] []
[2016-07-09 12:02:41] Dashboard.INFO: Dashboard launched.. [] []
[2016-07-09 12:02:51] Dashboard.INFO: Dashboard launched.. [] []
[2016-07-09 12:03:33] Dashboard.INFO: Dashboard launched.. [] []
[2016-07-09 12:03:33] Dashboard.ERROR: PDO error ["42S22",1054,"Unknown column 'DISTICNT' in 'field list'"] []
[2016-07-09 12:04:05] Dashboard.INFO: Dashboard launched.. [] []
[2016-07-09 12:11:18] Dashboard.INFO: Dashboard launched.. [] []
[2016-07-09 12:14:09] Dashboard.INFO: Dashboard launched.. [] []
[2016-07-09 12:14:09] Dashboard.INFO: Bot server: Sending message.. [] []
[2016-07-09 12:14:09] Dashboard.INFO: EAAOZCEaUNtxIBAL1bafIm0IYzlo8YcLxjxklu7hjyi8QC4yzwFXFfK0p8qDluJxmGP3lE1roZAOwvCBr7F8dqx0Of7kpTgGRZBncZC1gxtHxlT79Lpbgg4LIfAZA7ZAVVgsskxPd3RbJjsSRcX5rJYRnd8sQbjW4LMBMbgICIf5QZDZD [] []
[2016-07-09 12:14:10] Dashboard.INFO: botserver->sendMessage(): Successfully sent message - {"recipient_id":"10153861892102886","message_id":"mid.1468055649806:e488b6d86519e98907"} [] []
[2016-07-09 12:32:41] Dashboard.INFO: Dashboard launched.. [] []
[2016-07-09 12:32:41] Dashboard.INFO: Bot server: Sending message.. [] []
[2016-07-09 12:32:41] Dashboard.INFO: EAAOZCEaUNtxIBAL1bafIm0IYzlo8YcLxjxklu7hjyi8QC4yzwFXFfK0p8qDluJxmGP3lE1roZAOwvCBr7F8dqx0Of7kpTgGRZBncZC1gxtHxlT79Lpbgg4LIfAZA7ZAVVgsskxPd3RbJjsSRcX5rJYRnd8sQbjW4LMBMbgICIf5QZDZD [] []
[2016-07-09 12:32:42] Dashboard.INFO: botserver->sendMessage(): Successfully sent message - {"recipient_id":"10153861892102886","message_id":"mid.1468056762444:cfa161940701030e25"} [] []
[2016-07-09 12:32:53] Dashboard.INFO: Dashboard launched.. [] []
[2016-07-09 12:32:53] Dashboard.ERROR: PDO error ["42000",1065,"Query was empty"] []
[2016-07-09 12:33:21] Dashboard.INFO: Dashboard launched.. [] []
[2016-07-09 12:35:03] Dashboard.INFO: Dashboard launched.. [] []
[2016-07-09 12:36:49] Dashboard.INFO: Dashboard launched.. [] []
[2016-07-09 12:38:13] Dashboard.INFO: Dashboard launched.. [] []
[2016-07-09 12:38:18] Dashboard.INFO: Dashboard launched.. [] []
[2016-07-09 12:42:06] Dashboard.INFO: Dashboard launched.. [] []
[2016-07-09 12:42:36] Dashboard.INFO: Dashboard launched.. [] []
[2016-07-09 12:42:49] Dashboard.INFO: Dashboard launched.. [] []
[2016-07-09 12:43:04] Dashboard.INFO: Dashboard launched.. [] []
[2016-07-09 12:44:21] Dashboard.INFO: Dashboard launched.. [] []
[2016-07-09 12:44:41] Dashboard.INFO: Dashboard launched.. [] []
[2016-07-09 12:45:47] Dashboard.INFO: Dashboard launched.. [] []
[2016-07-09 12:45:52] Dashboard.INFO: Dashboard launched.. [] []
[2016-07-09 12:46:09] Dashboard.INFO: Dashboard launched.. [] []
[2016-07-09 12:49:00] Dashboard.INFO: Dashboard launched.. [] []
[2016-07-09 12:49:00] Dashboard.INFO: Dashboard launched.. [] []
[2016-07-09 12:51:40] Dashboard.INFO: Dashboard launched.. [] []
[2016-07-09 12:51:40] Dashboard.INFO: Dashboard launched.. [] []
[2016-07-09 12:53:06] Dashboard.INFO: Dashboard launched.. [] []
[2016-07-09 12:53:06] Dashboard.INFO: Dashboard launched.. [] []
[2016-07-09 12:53:56] Dashboard.INFO: Dashboard launched.. [] []
[2016-07-09 12:53:56] Dashboard.INFO: Dashboard launched.. [] []
[2016-07-09 12:54:29] Dashboard.INFO: Dashboard launched.. [] []
[2016-07-09 12:54:29] Dashboard.INFO: Dashboard launched.. [] []
[2016-07-09 12:56:41] Dashboard.INFO: Dashboard launched.. [] []
[2016-07-09 12:56:41] Dashboard.INFO: Dashboard launched.. [] []
[2016-07-09 12:56:52] Dashboard.INFO: Dashboard launched.. [] []
[2016-07-09 12:56:52] Dashboard.INFO: Dashboard launched.. [] []
[2016-07-09 12:57:09] Dashboard.INFO: Dashboard launched.. [] []
[2016-07-09 12:57:09] Dashboard.INFO: Dashboard launched.. [] []
[2016-07-09 12:57:13] Dashboard.INFO: Dashboard launched.. [] []
[2016-07-09 12:57:13] Dashboard.INFO: Bot server: Sending message.. [] []
[2016-07-09 12:57:13] Dashboard.INFO: EAAOZCEaUNtxIBAL1bafIm0IYzlo8YcLxjxklu7hjyi8QC4yzwFXFfK0p8qDluJxmGP3lE1roZAOwvCBr7F8dqx0Of7kpTgGRZBncZC1gxtHxlT79Lpbgg4LIfAZA7ZAVVgsskxPd3RbJjsSRcX5rJYRnd8sQbjW4LMBMbgICIf5QZDZD [] []
[2016-07-09 12:57:14] Dashboard.INFO: botserver->sendMessage(): Successfully sent message - {"recipient_id":"10153861892102886","message_id":"mid.1468058234437:9f7e82e2a925c20227"} [] []
[2016-07-09 12:58:45] Dashboard.INFO: Dashboard launched.. [] []
[2016-07-09 12:58:45] Dashboard.INFO: Dashboard launched.. [] []
[2016-07-09 12:58:50] Dashboard.INFO: Dashboard launched.. [] []
[2016-07-09 12:58:50] Dashboard.INFO: Bot server: Sending message.. [] []
[2016-07-09 12:58:50] Dashboard.INFO: EAAOZCEaUNtxIBAL1bafIm0IYzlo8YcLxjxklu7hjyi8QC4yzwFXFfK0p8qDluJxmGP3lE1roZAOwvCBr7F8dqx0Of7kpTgGRZBncZC1gxtHxlT79Lpbgg4LIfAZA7ZAVVgsskxPd3RbJjsSRcX5rJYRnd8sQbjW4LMBMbgICIf5QZDZD [] []
[2016-07-09 12:58:51] Dashboard.INFO: botserver->sendMessage(): Successfully sent message - {"recipient_id":"10153861892102886","message_id":"mid.1468058330877:7dbc32c5b85f03b403"} [] []
[2016-07-09 13:05:02] Dashboard.INFO: Dashboard launched.. [] []
[2016-07-09 13:05:02] Dashboard.INFO: Dashboard launched.. [] []
[2016-07-09 13:05:13] Dashboard.INFO: Dashboard launched.. [] []
[2016-07-09 13:05:13] Dashboard.INFO: Dashboard launched.. [] []
[2016-07-09 13:05:30] Dashboard.INFO: Dashboard launched.. [] []
[2016-07-09 13:05:30] Dashboard.INFO: Dashboard launched.. [] []
[2016-07-09 13:05:46] Dashboard.INFO: Dashboard launched.. [] []
[2016-07-09 13:05:46] Dashboard.INFO: Bot server: Sending message.. [] []
[2016-07-09 13:05:46] Dashboard.INFO: EAAOZCEaUNtxIBAL1bafIm0IYzlo8YcLxjxklu7hjyi8QC4yzwFXFfK0p8qDluJxmGP3lE1roZAOwvCBr7F8dqx0Of7kpTgGRZBncZC1gxtHxlT79Lpbgg4LIfAZA7ZAVVgsskxPd3RbJjsSRcX5rJYRnd8sQbjW4LMBMbgICIf5QZDZD [] []
[2016-07-09 13:05:47] Dashboard.INFO: botserver->sendMessage(): Successfully sent message - {"recipient_id":"10153861892102886","message_id":"mid.1468058747040:9dad0e98b9c6402a86"} [] []
[2016-07-09 13:07:33] Dashboard.INFO: Dashboard launched.. [] []
[2016-07-09 13:07:33] Dashboard.INFO: Bot server: Sending message.. [] []
[2016-07-09 13:07:33] Dashboard.INFO: EAAOZCEaUNtxIBAL1bafIm0IYzlo8YcLxjxklu7hjyi8QC4yzwFXFfK0p8qDluJxmGP3lE1roZAOwvCBr7F8dqx0Of7kpTgGRZBncZC1gxtHxlT79Lpbgg4LIfAZA7ZAVVgsskxPd3RbJjsSRcX5rJYRnd8sQbjW4LMBMbgICIf5QZDZD [] []
[2016-07-09 13:07:34] Dashboard.INFO: botserver->sendMessage(): Successfully sent message - {"recipient_id":"10153861892102886","message_id":"mid.1468058854148:2cdecde3f19a204667"} [] []
[2016-07-09 13:41:58] Dashboard.INFO: Dashboard launched.. [] []
[2016-07-09 13:41:58] Dashboard.INFO: Dashboard launched.. [] []
[2016-07-09 13:42:09] Dashboard.INFO: Dashboard launched.. [] []
[2016-07-09 13:42:09] Dashboard.INFO: Dashboard launched.. [] []
[2016-07-09 13:42:09] Dashboard.ERROR: PDO error ["42000",1064,"You have an error in your SQL syntax; check the manual that corresponds to your MySQL server version for the right syntax to use near 'group by created' at line 1"] []
[2016-07-09 13:42:17] Dashboard.INFO: Dashboard launched.. [] []
[2016-07-09 13:42:17] Dashboard.INFO: Dashboard launched.. [] []
[2016-07-09 13:42:28] Dashboard.INFO: Dashboard launched.. [] []
[2016-07-09 13:42:28] Dashboard.INFO: Dashboard launched.. [] []
[2016-07-09 13:47:20] Dashboard.INFO: Dashboard launched.. [] []
[2016-07-09 13:47:20] Dashboard.INFO: Bot server: Sending message.. [] []
[2016-07-09 13:47:20] Dashboard.INFO: EAAOZCEaUNtxIBAL1bafIm0IYzlo8YcLxjxklu7hjyi8QC4yzwFXFfK0p8qDluJxmGP3lE1roZAOwvCBr7F8dqx0Of7kpTgGRZBncZC1gxtHxlT79Lpbgg4LIfAZA7ZAVVgsskxPd3RbJjsSRcX5rJYRnd8sQbjW4LMBMbgICIf5QZDZD [] []
[2016-07-09 13:47:20] Dashboard.ERROR: botserver->sendMessage(): Unable to send message -  [] []
[2016-07-09 13:47:24] Dashboard.INFO: Dashboard launched.. [] []
[2016-07-09 13:47:24] Dashboard.INFO: Bot server: Sending message.. [] []
[2016-07-09 13:47:24] Dashboard.INFO: EAAOZCEaUNtxIBAL1bafIm0IYzlo8YcLxjxklu7hjyi8QC4yzwFXFfK0p8qDluJxmGP3lE1roZAOwvCBr7F8dqx0Of7kpTgGRZBncZC1gxtHxlT79Lpbgg4LIfAZA7ZAVVgsskxPd3RbJjsSRcX5rJYRnd8sQbjW4LMBMbgICIf5QZDZD [] []
[2016-07-09 13:47:25] Dashboard.INFO: botserver->sendMessage(): Successfully sent message - {"recipient_id":"10153861892102886","message_id":"mid.1468061244989:f5e4c7c3488f45cf42"} [] []
[2016-07-09 13:47:41] Dashboard.INFO: Dashboard launched.. [] []
[2016-07-09 13:47:41] Dashboard.INFO: Dashboard launched.. [] []
[2016-07-09 13:47:44] Dashboard.INFO: Dashboard launched.. [] []
[2016-07-09 13:47:44] Dashboard.INFO: Dashboard launched.. [] []
[2016-07-09 16:26:01] Dashboard.INFO: Dashboard launched.. [] []
[2016-07-09 16:26:01] Dashboard.INFO: Bot server: Sending message.. [] []
[2016-07-09 16:26:01] Dashboard.INFO: EAAOZCEaUNtxIBAL1bafIm0IYzlo8YcLxjxklu7hjyi8QC4yzwFXFfK0p8qDluJxmGP3lE1roZAOwvCBr7F8dqx0Of7kpTgGRZBncZC1gxtHxlT79Lpbgg4LIfAZA7ZAVVgsskxPd3RbJjsSRcX5rJYRnd8sQbjW4LMBMbgICIf5QZDZD [] []
[2016-07-09 16:26:02] Dashboard.INFO: botserver->sendMessage(): Successfully sent message - {"recipient_id":"10153861892102886","message_id":"mid.1468070761698:1567ce90b40fb43371"} [] []
[2016-07-09 16:36:49] Dashboard.INFO: Dashboard launched.. [] []
